<?xml version="1.0" encoding="UTF-8"?>
<coverage generated="1584819666223" clover="3.2.0">
  <project timestamp="1584819666223" name="All files">
    <metrics statements="35" coveredstatements="33" conditionals="4" coveredconditionals="2" methods="6" coveredmethods="6" elements="45" coveredelements="41" complexity="0" loc="35" ncloc="35" packages="1" files="3" classes="3"/>
    <file name="dbHelper.js" path="/Users/dustinancalade/Desktop/coding/rpt19/FEC/Dustins-FEC-Service/database/dbHelper.js">
      <metrics statements="19" coveredstatements="19" conditionals="2" coveredconditionals="1" methods="4" coveredmethods="4"/>
      <line num="3" count="1" type="stmt"/>
      <line num="4" count="32" type="stmt"/>
      <line num="8" count="1" type="stmt"/>
      <line num="10" count="4" type="stmt"/>
      <line num="12" count="4" type="stmt"/>
      <line num="15" count="4" type="cond" truecount="1" falsecount="1"/>
      <line num="18" count="4" type="stmt"/>
      <line num="19" count="24" type="stmt"/>
      <line num="20" count="24" type="stmt"/>
      <line num="22" count="24" type="stmt"/>
      <line num="24" count="4" type="stmt"/>
      <line num="28" count="1" type="stmt"/>
      <line num="30" count="1" type="stmt"/>
      <line num="32" count="1" type="stmt"/>
      <line num="33" count="15" type="stmt"/>
      <line num="35" count="1" type="stmt"/>
      <line num="39" count="1" type="stmt"/>
      <line num="40" count="2" type="stmt"/>
      <line num="44" count="1" type="stmt"/>
    </file>
    <file name="index.js" path="/Users/dustinancalade/Desktop/coding/rpt19/FEC/Dustins-FEC-Service/database/index.js">
      <metrics statements="14" coveredstatements="12" conditionals="2" coveredconditionals="1" methods="2" coveredmethods="2"/>
      <line num="1" count="1" type="stmt"/>
      <line num="3" count="1" type="stmt"/>
      <line num="5" count="1" type="stmt"/>
      <line num="7" count="1" type="stmt"/>
      <line num="15" count="1" type="stmt"/>
      <line num="17" count="1" type="stmt"/>
      <line num="19" count="1" type="stmt"/>
      <line num="20" count="1" type="stmt"/>
      <line num="21" count="1" type="cond" truecount="1" falsecount="1"/>
      <line num="22" count="0" type="stmt"/>
      <line num="23" count="0" type="stmt"/>
      <line num="25" count="1" type="stmt"/>
      <line num="26" count="1" type="stmt"/>
      <line num="33" count="1" type="stmt"/>
    </file>
    <file name="sample_products.js" path="/Users/dustinancalade/Desktop/coding/rpt19/FEC/Dustins-FEC-Service/database/sample_products.js">
      <metrics statements="2" coveredstatements="2" conditionals="0" coveredconditionals="0" methods="0" coveredmethods="0"/>
      <line num="1" count="1" type="stmt"/>
      <line num="3217" count="1" type="stmt"/>
    </file>
  </project>
</coverage>
