{"/Users/dustinancalade/Desktop/coding/rpt19/FEC/Dustins-FEC-Service/database/dbHelper.js": {"path":"/Users/dustinancalade/Desktop/coding/rpt19/FEC/Dustins-FEC-Service/database/dbHelper.js","statementMap":{"0":{"start":{"line":3,"column":29},"end":{"line":5,"column":1}},"1":{"start":{"line":4,"column":2},"end":{"line":4,"column":41}},"2":{"start":{"line":8,"column":34},"end":{"line":25,"column":1}},"3":{"start":{"line":10,"column":13},"end":{"line":10,"column":24}},"4":{"start":{"line":12,"column":30},"end":{"line":12,"column":32}},"5":{"start":{"line":15,"column":25},"end":{"line":15,"column":61}},"6":{"start":{"line":18,"column":2},"end":{"line":23,"column":3}},"7":{"start":{"line":18,"column":15},"end":{"line":18,"column":16}},"8":{"start":{"line":19,"column":18},"end":{"line":19,"column":51}},"9":{"start":{"line":20,"column":4},"end":{"line":20,"column":42}},"10":{"start":{"line":22,"column":4},"end":{"line":22,"column":26}},"11":{"start":{"line":24,"column":2},"end":{"line":24,"column":29}},"12":{"start":{"line":28,"column":33},"end":{"line":36,"column":1}},"13":{"start":{"line":30,"column":30},"end":{"line":30,"column":32}},"14":{"start":{"line":32,"column":2},"end":{"line":34,"column":3}},"15":{"start":{"line":32,"column":15},"end":{"line":32,"column":16}},"16":{"start":{"line":33,"column":4},"end":{"line":33,"column":40}},"17":{"start":{"line":35,"column":2},"end":{"line":35,"column":29}},"18":{"start":{"line":39,"column":23},"end":{"line":41,"column":1}},"19":{"start":{"line":40,"column":2},"end":{"line":40,"column":46}},"20":{"start":{"line":44,"column":0},"end":{"line":49,"column":2}}},"fnMap":{"0":{"name":"(anonymous_0)","decl":{"start":{"line":3,"column":29},"end":{"line":3,"column":30}},"loc":{"start":{"line":3,"column":38},"end":{"line":5,"column":1}},"line":3},"1":{"name":"(anonymous_1)","decl":{"start":{"line":8,"column":34},"end":{"line":8,"column":35}},"loc":{"start":{"line":8,"column":57},"end":{"line":25,"column":1}},"line":8},"2":{"name":"(anonymous_2)","decl":{"start":{"line":28,"column":33},"end":{"line":28,"column":34}},"loc":{"start":{"line":28,"column":61},"end":{"line":36,"column":1}},"line":28},"3":{"name":"(anonymous_3)","decl":{"start":{"line":39,"column":23},"end":{"line":39,"column":24}},"loc":{"start":{"line":39,"column":57},"end":{"line":41,"column":1}},"line":39}},"branchMap":{"0":{"loc":{"start":{"line":15,"column":25},"end":{"line":15,"column":61}},"type":"binary-expr","locations":[{"start":{"line":15,"column":25},"end":{"line":15,"column":56}},{"start":{"line":15,"column":60},"end":{"line":15,"column":61}}],"line":15}},"s":{"0":1,"1":32,"2":1,"3":4,"4":4,"5":4,"6":4,"7":4,"8":24,"9":24,"10":24,"11":4,"12":1,"13":1,"14":1,"15":1,"16":15,"17":1,"18":1,"19":2,"20":1},"f":{"0":32,"1":4,"2":1,"3":2},"b":{"0":[4,0]},"_coverageSchema":"1a1c01bbd47fc00a2c39e90264f33305004495a9","hash":"283628b50f9765cbc085ed1baaeb71068438a258"}
,"/Users/dustinancalade/Desktop/coding/rpt19/FEC/Dustins-FEC-Service/database/index.js": {"path":"/Users/dustinancalade/Desktop/coding/rpt19/FEC/Dustins-FEC-Service/database/index.js","statementMap":{"0":{"start":{"line":1,"column":17},"end":{"line":1,"column":36}},"1":{"start":{"line":3,"column":0},"end":{"line":3,"column":98}},"2":{"start":{"line":5,"column":11},"end":{"line":5,"column":30}},"3":{"start":{"line":7,"column":18},"end":{"line":13,"column":2}},"4":{"start":{"line":15,"column":12},"end":{"line":15,"column":48}},"5":{"start":{"line":17,"column":0},"end":{"line":17,"column":65}},"6":{"start":{"line":19,"column":21},"end":{"line":29,"column":1}},"7":{"start":{"line":20,"column":2},"end":{"line":28,"column":5}},"8":{"start":{"line":21,"column":4},"end":{"line":27,"column":5}},"9":{"start":{"line":22,"column":6},"end":{"line":22,"column":26}},"10":{"start":{"line":23,"column":6},"end":{"line":23,"column":17}},"11":{"start":{"line":25,"column":6},"end":{"line":25,"column":30}},"12":{"start":{"line":26,"column":6},"end":{"line":26,"column":17}},"13":{"start":{"line":33,"column":0},"end":{"line":33,"column":36}}},"fnMap":{"0":{"name":"(anonymous_0)","decl":{"start":{"line":19,"column":21},"end":{"line":19,"column":22}},"loc":{"start":{"line":19,"column":43},"end":{"line":29,"column":1}},"line":19},"1":{"name":"(anonymous_1)","decl":{"start":{"line":20,"column":24},"end":{"line":20,"column":25}},"loc":{"start":{"line":20,"column":42},"end":{"line":28,"column":3}},"line":20}},"branchMap":{"0":{"loc":{"start":{"line":21,"column":4},"end":{"line":27,"column":5}},"type":"if","locations":[{"start":{"line":21,"column":4},"end":{"line":27,"column":5}},{"start":{"line":21,"column":4},"end":{"line":27,"column":5}}],"line":21}},"s":{"0":1,"1":1,"2":1,"3":1,"4":1,"5":1,"6":1,"7":1,"8":1,"9":0,"10":0,"11":1,"12":1,"13":1},"f":{"0":1,"1":1},"b":{"0":[0,1]},"_coverageSchema":"1a1c01bbd47fc00a2c39e90264f33305004495a9","hash":"968bf79744726d9d20d826c0d007837ccd832310"}
,"/Users/dustinancalade/Desktop/coding/rpt19/FEC/Dustins-FEC-Service/database/sample_products.js": {"path":"/Users/dustinancalade/Desktop/coding/rpt19/FEC/Dustins-FEC-Service/database/sample_products.js","statementMap":{"0":{"start":{"line":1,"column":18},"end":{"line":3216,"column":1}},"1":{"start":{"line":3217,"column":0},"end":{"line":3217,"column":29}}},"fnMap":{},"branchMap":{},"s":{"0":1,"1":1},"f":{},"b":{},"_coverageSchema":"1a1c01bbd47fc00a2c39e90264f33305004495a9","hash":"596735c28386b8a8d25e2311425f200dacd3701b"}
}
