TN:
SF:database/dbHelper.js
FN:3,(anonymous_0)
FN:8,(anonymous_1)
FN:28,(anonymous_2)
FN:39,(anonymous_3)
FNF:4
FNH:4
FNDA:32,(anonymous_0)
FNDA:4,(anonymous_1)
FNDA:1,(anonymous_2)
FNDA:2,(anonymous_3)
DA:3,1
DA:4,32
DA:8,1
DA:10,4
DA:12,4
DA:15,4
DA:18,4
DA:19,24
DA:20,24
DA:22,24
DA:24,4
DA:28,1
DA:30,1
DA:32,1
DA:33,15
DA:35,1
DA:39,1
DA:40,2
DA:44,1
LF:19
LH:19
BRDA:15,0,0,4
BRDA:15,0,1,0
BRF:2
BRH:1
end_of_record
TN:
SF:database/index.js
FN:19,(anonymous_0)
FN:20,(anonymous_1)
FNF:2
FNH:2
FNDA:1,(anonymous_0)
FNDA:1,(anonymous_1)
DA:1,1
DA:3,1
DA:5,1
DA:7,1
DA:15,1
DA:17,1
DA:19,1
DA:20,1
DA:21,1
DA:22,0
DA:23,0
DA:25,1
DA:26,1
DA:33,1
LF:14
LH:12
BRDA:21,0,0,0
BRDA:21,0,1,1
BRF:2
BRH:1
end_of_record
TN:
SF:database/sample_products.js
FNF:0
FNH:0
DA:1,1
DA:3217,1
LF:2
LH:2
BRF:0
BRH:0
end_of_record
