<?xml version="1.0" encoding="UTF-8"?>
<coverage generated="1586392559686" clover="3.2.0">
  <project timestamp="1586392559686" name="All files">
    <metrics statements="51" coveredstatements="46" conditionals="8" coveredconditionals="5" methods="16" coveredmethods="12" elements="75" coveredelements="63" complexity="0" loc="51" ncloc="51" packages="3" files="9" classes="9"/>
    <package name="client.src.components">
      <metrics statements="16" coveredstatements="12" conditionals="4" coveredconditionals="2" methods="9" coveredmethods="5"/>
      <file name="imageList.jsx" path="/Users/cityofangels/Desktop/coding/rpt19/FEC/Dustins-FEC-Service/client/src/components/imageList.jsx">
        <metrics statements="5" coveredstatements="4" conditionals="4" coveredconditionals="2" methods="2" coveredmethods="1"/>
        <line num="4" count="2" type="stmt"/>
        <line num="5" count="1" type="cond" truecount="1" falsecount="1"/>
        <line num="6" count="1" type="stmt"/>
        <line num="8" count="1" type="cond" truecount="1" falsecount="1"/>
        <line num="9" count="0" type="stmt"/>
      </file>
      <file name="imageThumbnail.jsx" path="/Users/cityofangels/Desktop/coding/rpt19/FEC/Dustins-FEC-Service/client/src/components/imageThumbnail.jsx">
        <metrics statements="3" coveredstatements="2" conditionals="0" coveredconditionals="0" methods="2" coveredmethods="1"/>
        <line num="7" count="3" type="stmt"/>
        <line num="8" count="2" type="stmt"/>
        <line num="10" count="0" type="stmt"/>
      </file>
      <file name="imageView.jsx" path="/Users/cityofangels/Desktop/coding/rpt19/FEC/Dustins-FEC-Service/client/src/components/imageView.jsx">
        <metrics statements="2" coveredstatements="2" conditionals="0" coveredconditionals="0" methods="1" coveredmethods="1"/>
        <line num="8" count="1" type="stmt"/>
        <line num="9" count="1" type="stmt"/>
      </file>
      <file name="mainImage.jsx" path="/Users/cityofangels/Desktop/coding/rpt19/FEC/Dustins-FEC-Service/client/src/components/mainImage.jsx">
        <metrics statements="4" coveredstatements="2" conditionals="0" coveredconditionals="0" methods="3" coveredmethods="1"/>
        <line num="8" count="2" type="stmt"/>
        <line num="9" count="1" type="stmt"/>
        <line num="18" count="0" type="stmt"/>
        <line num="21" count="0" type="stmt"/>
      </file>
      <file name="popupZoom.jsx" path="/Users/cityofangels/Desktop/coding/rpt19/FEC/Dustins-FEC-Service/client/src/components/popupZoom.jsx">
        <metrics statements="2" coveredstatements="2" conditionals="0" coveredconditionals="0" methods="1" coveredmethods="1"/>
        <line num="4" count="3" type="stmt"/>
        <line num="5" count="1" type="stmt"/>
      </file>
    </package>
    <package name="database">
      <metrics statements="35" coveredstatements="34" conditionals="4" coveredconditionals="3" methods="7" coveredmethods="7"/>
      <file name="dbHelper.js" path="/Users/cityofangels/Desktop/coding/rpt19/FEC/Dustins-FEC-Service/database/dbHelper.js">
        <metrics statements="19" coveredstatements="19" conditionals="2" coveredconditionals="2" methods="4" coveredmethods="4"/>
        <line num="3" count="1" type="stmt"/>
        <line num="4" count="13" type="stmt"/>
        <line num="8" count="1" type="stmt"/>
        <line num="10" count="4" type="stmt"/>
        <line num="12" count="4" type="stmt"/>
        <line num="15" count="4" type="cond" truecount="2" falsecount="0"/>
        <line num="18" count="4" type="stmt"/>
        <line num="19" count="5" type="stmt"/>
        <line num="20" count="5" type="stmt"/>
        <line num="22" count="5" type="stmt"/>
        <line num="24" count="4" type="stmt"/>
        <line num="28" count="1" type="stmt"/>
        <line num="30" count="1" type="stmt"/>
        <line num="32" count="1" type="stmt"/>
        <line num="33" count="15" type="stmt"/>
        <line num="35" count="1" type="stmt"/>
        <line num="39" count="1" type="stmt"/>
        <line num="40" count="2" type="stmt"/>
        <line num="44" count="1" type="stmt"/>
      </file>
      <file name="index.js" path="/Users/cityofangels/Desktop/coding/rpt19/FEC/Dustins-FEC-Service/database/index.js">
        <metrics statements="14" coveredstatements="13" conditionals="2" coveredconditionals="1" methods="3" coveredmethods="3"/>
        <line num="1" count="1" type="stmt"/>
        <line num="3" count="1" type="stmt"/>
        <line num="5" count="1" type="stmt"/>
        <line num="9" count="1" type="stmt"/>
        <line num="11" count="1" type="stmt"/>
        <line num="19" count="1" type="stmt"/>
        <line num="21" count="1" type="stmt"/>
        <line num="23" count="1" type="stmt"/>
        <line num="24" count="1" type="stmt"/>
        <line num="25" count="1" type="stmt"/>
        <line num="26" count="1" type="cond" truecount="1" falsecount="1"/>
        <line num="27" count="0" type="stmt"/>
        <line num="30" count="1" type="stmt"/>
        <line num="37" count="1" type="stmt"/>
      </file>
      <file name="sample_products.js" path="/Users/cityofangels/Desktop/coding/rpt19/FEC/Dustins-FEC-Service/database/sample_products.js">
        <metrics statements="2" coveredstatements="2" conditionals="0" coveredconditionals="0" methods="0" coveredmethods="0"/>
        <line num="1" count="1" type="stmt"/>
        <line num="3217" count="1" type="stmt"/>
      </file>
    </package>
    <package name="spec.frontEnd">
      <metrics statements="0" coveredstatements="0" conditionals="0" coveredconditionals="0" methods="0" coveredmethods="0"/>
      <file name="enzyme.config.js" path="/Users/cityofangels/Desktop/coding/rpt19/FEC/Dustins-FEC-Service/spec/frontEnd/enzyme.config.js">
        <metrics statements="0" coveredstatements="0" conditionals="0" coveredconditionals="0" methods="0" coveredmethods="0"/>
      </file>
    </package>
  </project>
</coverage>
