{"/Users/cityofangels/Desktop/coding/rpt19/FEC/Dustins-FEC-Service/client/src/components/imageList.jsx": {"path":"/Users/cityofangels/Desktop/coding/rpt19/FEC/Dustins-FEC-Service/client/src/components/imageList.jsx","statementMap":{"0":{"start":{"line":4,"column":18},"end":{"line":17,"column":1}},"1":{"start":{"line":5,"column":2},"end":{"line":7,"column":3}},"2":{"start":{"line":6,"column":4},"end":{"line":6,"column":16}},"3":{"start":{"line":8,"column":2},"end":{"line":16,"column":5}},"4":{"start":{"line":9,"column":4},"end":{"line":15,"column":9}}},"fnMap":{"0":{"name":"(anonymous_0)","decl":{"start":{"line":4,"column":18},"end":{"line":4,"column":19}},"loc":{"start":{"line":4,"column":48},"end":{"line":17,"column":1}},"line":4},"1":{"name":"(anonymous_1)","decl":{"start":{"line":8,"column":73},"end":{"line":8,"column":74}},"loc":{"start":{"line":9,"column":4},"end":{"line":15,"column":9}},"line":9}},"branchMap":{"0":{"loc":{"start":{"line":5,"column":2},"end":{"line":7,"column":3}},"type":"if","locations":[{"start":{"line":5,"column":2},"end":{"line":7,"column":3}},{"start":{"line":5,"column":2},"end":{"line":7,"column":3}}],"line":5},"1":{"loc":{"start":{"line":8,"column":9},"end":{"line":16,"column":4}},"type":"cond-expr","locations":[{"start":{"line":8,"column":31},"end":{"line":8,"column":59}},{"start":{"line":8,"column":62},"end":{"line":16,"column":4}}],"line":8}},"s":{"0":2,"1":1,"2":1,"3":1,"4":0},"f":{"0":1,"1":0},"b":{"0":[1,0],"1":[1,0]},"_coverageSchema":"1a1c01bbd47fc00a2c39e90264f33305004495a9","hash":"0a79a2977d01200336059e68e1f909c202ba4011"}
,"/Users/cityofangels/Desktop/coding/rpt19/FEC/Dustins-FEC-Service/client/src/components/imageThumbnail.jsx": {"path":"/Users/cityofangels/Desktop/coding/rpt19/FEC/Dustins-FEC-Service/client/src/components/imageThumbnail.jsx","statementMap":{"0":{"start":{"line":7,"column":23},"end":{"line":13,"column":1}},"1":{"start":{"line":8,"column":2},"end":{"line":12,"column":4}},"2":{"start":{"line":10,"column":45},"end":{"line":10,"column":76}}},"fnMap":{"0":{"name":"(anonymous_0)","decl":{"start":{"line":7,"column":23},"end":{"line":7,"column":24}},"loc":{"start":{"line":7,"column":59},"end":{"line":13,"column":1}},"line":7},"1":{"name":"(anonymous_1)","decl":{"start":{"line":10,"column":37},"end":{"line":10,"column":38}},"loc":{"start":{"line":10,"column":44},"end":{"line":10,"column":77}},"line":10}},"branchMap":{},"s":{"0":3,"1":2,"2":0},"f":{"0":2,"1":0},"b":{},"_coverageSchema":"1a1c01bbd47fc00a2c39e90264f33305004495a9","hash":"6e91101c3e62e7a244464b1947888ba71cef09c3"}
,"/Users/cityofangels/Desktop/coding/rpt19/FEC/Dustins-FEC-Service/client/src/components/imageView.jsx": {"path":"/Users/cityofangels/Desktop/coding/rpt19/FEC/Dustins-FEC-Service/client/src/components/imageView.jsx","statementMap":{"0":{"start":{"line":8,"column":18},"end":{"line":24,"column":1}},"1":{"start":{"line":9,"column":2},"end":{"line":23,"column":8}}},"fnMap":{"0":{"name":"(anonymous_0)","decl":{"start":{"line":8,"column":18},"end":{"line":8,"column":19}},"loc":{"start":{"line":9,"column":2},"end":{"line":23,"column":8}},"line":9}},"branchMap":{},"s":{"0":1,"1":1},"f":{"0":1},"b":{},"_coverageSchema":"1a1c01bbd47fc00a2c39e90264f33305004495a9","hash":"9904dff6f4a922dd9e163617d37d985d6dfb5cbe"}
,"/Users/cityofangels/Desktop/coding/rpt19/FEC/Dustins-FEC-Service/client/src/components/mainImage.jsx": {"path":"/Users/cityofangels/Desktop/coding/rpt19/FEC/Dustins-FEC-Service/client/src/components/mainImage.jsx","statementMap":{"0":{"start":{"line":8,"column":18},"end":{"line":26,"column":1}},"1":{"start":{"line":9,"column":2},"end":{"line":25,"column":4}},"2":{"start":{"line":18,"column":47},"end":{"line":18,"column":74}},"3":{"start":{"line":21,"column":47},"end":{"line":21,"column":74}}},"fnMap":{"0":{"name":"(anonymous_0)","decl":{"start":{"line":8,"column":18},"end":{"line":8,"column":19}},"loc":{"start":{"line":8,"column":65},"end":{"line":26,"column":1}},"line":8},"1":{"name":"(anonymous_1)","decl":{"start":{"line":18,"column":39},"end":{"line":18,"column":40}},"loc":{"start":{"line":18,"column":46},"end":{"line":18,"column":75}},"line":18},"2":{"name":"(anonymous_2)","decl":{"start":{"line":21,"column":39},"end":{"line":21,"column":40}},"loc":{"start":{"line":21,"column":46},"end":{"line":21,"column":75}},"line":21}},"branchMap":{},"s":{"0":2,"1":1,"2":0,"3":0},"f":{"0":1,"1":0,"2":0},"b":{},"_coverageSchema":"1a1c01bbd47fc00a2c39e90264f33305004495a9","hash":"8b1c89c8c7099f37bcadacf56f579892aaf0ea4e"}
,"/Users/cityofangels/Desktop/coding/rpt19/FEC/Dustins-FEC-Service/client/src/components/popupZoom.jsx": {"path":"/Users/cityofangels/Desktop/coding/rpt19/FEC/Dustins-FEC-Service/client/src/components/popupZoom.jsx","statementMap":{"0":{"start":{"line":4,"column":13},"end":{"line":10,"column":1}},"1":{"start":{"line":5,"column":4},"end":{"line":9,"column":12}}},"fnMap":{"0":{"name":"(anonymous_0)","decl":{"start":{"line":4,"column":13},"end":{"line":4,"column":14}},"loc":{"start":{"line":5,"column":4},"end":{"line":9,"column":12}},"line":5}},"branchMap":{},"s":{"0":3,"1":1},"f":{"0":1},"b":{},"_coverageSchema":"1a1c01bbd47fc00a2c39e90264f33305004495a9","hash":"48fe43b0df4d96e77e08219b36fbe77b6d3c4de7"}
,"/Users/cityofangels/Desktop/coding/rpt19/FEC/Dustins-FEC-Service/database/dbHelper.js": {"path":"/Users/cityofangels/Desktop/coding/rpt19/FEC/Dustins-FEC-Service/database/dbHelper.js","statementMap":{"0":{"start":{"line":3,"column":29},"end":{"line":5,"column":1}},"1":{"start":{"line":4,"column":2},"end":{"line":4,"column":41}},"2":{"start":{"line":8,"column":34},"end":{"line":25,"column":1}},"3":{"start":{"line":10,"column":13},"end":{"line":10,"column":24}},"4":{"start":{"line":12,"column":30},"end":{"line":12,"column":32}},"5":{"start":{"line":15,"column":25},"end":{"line":15,"column":61}},"6":{"start":{"line":18,"column":2},"end":{"line":23,"column":3}},"7":{"start":{"line":18,"column":15},"end":{"line":18,"column":16}},"8":{"start":{"line":19,"column":18},"end":{"line":19,"column":51}},"9":{"start":{"line":20,"column":4},"end":{"line":20,"column":42}},"10":{"start":{"line":22,"column":4},"end":{"line":22,"column":26}},"11":{"start":{"line":24,"column":2},"end":{"line":24,"column":29}},"12":{"start":{"line":28,"column":33},"end":{"line":36,"column":1}},"13":{"start":{"line":30,"column":30},"end":{"line":30,"column":32}},"14":{"start":{"line":32,"column":2},"end":{"line":34,"column":3}},"15":{"start":{"line":32,"column":15},"end":{"line":32,"column":16}},"16":{"start":{"line":33,"column":4},"end":{"line":33,"column":40}},"17":{"start":{"line":35,"column":2},"end":{"line":35,"column":29}},"18":{"start":{"line":39,"column":23},"end":{"line":41,"column":1}},"19":{"start":{"line":40,"column":2},"end":{"line":40,"column":46}},"20":{"start":{"line":44,"column":0},"end":{"line":49,"column":2}}},"fnMap":{"0":{"name":"(anonymous_0)","decl":{"start":{"line":3,"column":29},"end":{"line":3,"column":30}},"loc":{"start":{"line":3,"column":38},"end":{"line":5,"column":1}},"line":3},"1":{"name":"(anonymous_1)","decl":{"start":{"line":8,"column":34},"end":{"line":8,"column":35}},"loc":{"start":{"line":8,"column":57},"end":{"line":25,"column":1}},"line":8},"2":{"name":"(anonymous_2)","decl":{"start":{"line":28,"column":33},"end":{"line":28,"column":34}},"loc":{"start":{"line":28,"column":61},"end":{"line":36,"column":1}},"line":28},"3":{"name":"(anonymous_3)","decl":{"start":{"line":39,"column":23},"end":{"line":39,"column":24}},"loc":{"start":{"line":39,"column":57},"end":{"line":41,"column":1}},"line":39}},"branchMap":{"0":{"loc":{"start":{"line":15,"column":25},"end":{"line":15,"column":61}},"type":"binary-expr","locations":[{"start":{"line":15,"column":25},"end":{"line":15,"column":56}},{"start":{"line":15,"column":60},"end":{"line":15,"column":61}}],"line":15}},"s":{"0":1,"1":13,"2":1,"3":4,"4":4,"5":4,"6":4,"7":4,"8":5,"9":5,"10":5,"11":4,"12":1,"13":1,"14":1,"15":1,"16":15,"17":1,"18":1,"19":2,"20":1},"f":{"0":13,"1":4,"2":1,"3":2},"b":{"0":[4,2]},"_coverageSchema":"1a1c01bbd47fc00a2c39e90264f33305004495a9","hash":"f733a18cef1cf8a7e0f2a95a30573db28abe3dd3"}
,"/Users/cityofangels/Desktop/coding/rpt19/FEC/Dustins-FEC-Service/database/index.js": {"path":"/Users/cityofangels/Desktop/coding/rpt19/FEC/Dustins-FEC-Service/database/index.js","statementMap":{"0":{"start":{"line":1,"column":17},"end":{"line":1,"column":36}},"1":{"start":{"line":3,"column":12},"end":{"line":3,"column":111}},"2":{"start":{"line":5,"column":0},"end":{"line":7,"column":3}},"3":{"start":{"line":9,"column":11},"end":{"line":9,"column":30}},"4":{"start":{"line":11,"column":18},"end":{"line":17,"column":2}},"5":{"start":{"line":19,"column":12},"end":{"line":19,"column":48}},"6":{"start":{"line":21,"column":0},"end":{"line":21,"column":65}},"7":{"start":{"line":23,"column":21},"end":{"line":33,"column":1}},"8":{"start":{"line":24,"column":2},"end":{"line":24,"column":32}},"9":{"start":{"line":25,"column":2},"end":{"line":32,"column":5}},"10":{"start":{"line":26,"column":4},"end":{"line":31,"column":5}},"11":{"start":{"line":27,"column":6},"end":{"line":27,"column":26}},"12":{"start":{"line":30,"column":6},"end":{"line":30,"column":30}},"13":{"start":{"line":37,"column":0},"end":{"line":37,"column":36}}},"fnMap":{"0":{"name":"(anonymous_0)","decl":{"start":{"line":5,"column":73},"end":{"line":5,"column":74}},"loc":{"start":{"line":5,"column":79},"end":{"line":7,"column":1}},"line":5},"1":{"name":"(anonymous_1)","decl":{"start":{"line":23,"column":21},"end":{"line":23,"column":22}},"loc":{"start":{"line":23,"column":43},"end":{"line":33,"column":1}},"line":23},"2":{"name":"(anonymous_2)","decl":{"start":{"line":25,"column":24},"end":{"line":25,"column":25}},"loc":{"start":{"line":25,"column":42},"end":{"line":32,"column":3}},"line":25}},"branchMap":{"0":{"loc":{"start":{"line":26,"column":4},"end":{"line":31,"column":5}},"type":"if","locations":[{"start":{"line":26,"column":4},"end":{"line":31,"column":5}},{"start":{"line":26,"column":4},"end":{"line":31,"column":5}}],"line":26}},"s":{"0":1,"1":1,"2":1,"3":1,"4":1,"5":1,"6":1,"7":1,"8":1,"9":1,"10":1,"11":0,"12":1,"13":1},"f":{"0":1,"1":1,"2":1},"b":{"0":[0,1]},"_coverageSchema":"1a1c01bbd47fc00a2c39e90264f33305004495a9","hash":"421c9059746d011cf0f63642e2d07273295d1cee"}
,"/Users/cityofangels/Desktop/coding/rpt19/FEC/Dustins-FEC-Service/database/sample_products.js": {"path":"/Users/cityofangels/Desktop/coding/rpt19/FEC/Dustins-FEC-Service/database/sample_products.js","statementMap":{"0":{"start":{"line":1,"column":18},"end":{"line":3216,"column":1}},"1":{"start":{"line":3217,"column":0},"end":{"line":3217,"column":29}}},"fnMap":{},"branchMap":{},"s":{"0":1,"1":1},"f":{},"b":{},"_coverageSchema":"1a1c01bbd47fc00a2c39e90264f33305004495a9","hash":"96354d48b58f3d52a66e594442b38a88caf7532e"}
,"/Users/cityofangels/Desktop/coding/rpt19/FEC/Dustins-FEC-Service/spec/frontEnd/enzyme.config.js": {"path":"/Users/cityofangels/Desktop/coding/rpt19/FEC/Dustins-FEC-Service/spec/frontEnd/enzyme.config.js","statementMap":{},"fnMap":{},"branchMap":{},"s":{},"f":{},"b":{},"_coverageSchema":"1a1c01bbd47fc00a2c39e90264f33305004495a9","hash":"2393a26949fde273373cc9add73a786d4961296b"}
}
